<?xml version="1.0" encoding="UTF-8"?>
<!-- Generated by org.testng.reporters.JUnitReportReporter -->
<testsuite hostname="LAPTOP-1M0O9JN4" failures="0" tests="5" name="com.android.test.SetAlarmTest" time="21.239" errors="0" timestamp="2020-07-22T14:42:47 IST" skipped="0">
  <testcase classname="com.android.test.SetAlarmTest" name="clickTabs" time="4.742"/>
  <system-out/>
  <testcase classname="com.android.test.SetAlarmTest" name="alarmSet" time="0.564"/>
  <system-out/>
  <testcase classname="com.android.test.SetAlarmTest" name="setPreferences" time="6.011"/>
  <system-out/>
  <testcase classname="com.android.test.SetAlarmTest" name="chooseTime" time="3.044"/>
  <system-out/>
  <testcase classname="com.android.test.SetAlarmTest" name="checkSettings" time="6.878"/>
  <system-out/>
</testsuite> <!-- com.android.test.SetAlarmTest -->
