<?xml version="1.0" encoding="UTF-8"?>
<!-- Generated by org.testng.reporters.JUnitReportReporter -->
<testsuite hostname="LAPTOP-1M0O9JN4" failures="0" tests="5" name="com.android.test.SetAlarmTest" time="21.365" errors="0" timestamp="2020-07-22T16:21:39 IST" skipped="0">
  <testcase classname="com.android.test.SetAlarmTest" name="alarmSet" time="0.594"/>
  <system-out/>
  <testcase classname="com.android.test.SetAlarmTest" name="clickTabs" time="4.705"/>
  <system-out/>
  <testcase classname="com.android.test.SetAlarmTest" name="setPreferences" time="6.093"/>
  <system-out/>
  <testcase classname="com.android.test.SetAlarmTest" name="chooseTime" time="3.132"/>
  <system-out/>
  <testcase classname="com.android.test.SetAlarmTest" name="checkSettings" time="6.841"/>
  <system-out/>
</testsuite> <!-- com.android.test.SetAlarmTest -->
