<?xml version="1.0" encoding="UTF-8"?>
<!-- Generated by org.testng.reporters.JUnitReportReporter -->
<testsuite hostname="LAPTOP-1M0O9JN4" failures="0" tests="5" name="com.android.test.SetAlarmTest" time="23.477" errors="0" timestamp="2020-07-22T16:01:41 IST" skipped="0">
  <testcase classname="com.android.test.SetAlarmTest" name="alarmSet" time="0.580"/>
  <system-out/>
  <testcase classname="com.android.test.SetAlarmTest" name="clickTabs" time="4.972"/>
  <system-out/>
  <testcase classname="com.android.test.SetAlarmTest" name="setPreferences" time="7.598"/>
  <system-out/>
  <testcase classname="com.android.test.SetAlarmTest" name="chooseTime" time="3.614"/>
  <system-out/>
  <testcase classname="com.android.test.SetAlarmTest" name="checkSettings" time="6.713"/>
  <system-out/>
</testsuite> <!-- com.android.test.SetAlarmTest -->
